Virtual User Script started at: 05-08-2020 10:22:12 AM
Starting action vuser_init.
Web Turbo Replay of LoadRunner 2020.0.0 for Windows 10; build 793 (Nov 27 2019 19:51:20)  	[MsgId: MMSG-26983]
Run mode: HTML  	[MsgId: MMSG-26993]
Replay user agent: Mozilla/5.0 (Windows NT 10.0; WOW64; Trident/7.0; rv:11.0) like Gecko  	[MsgId: MMSG-26988]
Runtime Settings file: "D:\PerformanceTesting\ActionCalling\\default.cfg"  	[MsgId: MMSG-27141]
Ending action vuser_init.
Running Vuser...
Starting iteration 1.
Maximum number of concurrent connections per server: 6  	[MsgId: MMSG-26989]
Starting action Login.
Login.c(4): web_url("www.webloadmpstore.com") started  	[MsgId: MMSG-26355]
Login.c(4): Found resource "http://www.webloadmpstore.com/media/js/prototype.js" in HTML "http://www.webloadmpstore.com/"  	[MsgId: MMSG-26659]
Login.c(4): Found resource "http://www.webloadmpstore.com/media/js/onlinecounter.js" in HTML "http://www.webloadmpstore.com/"  	[MsgId: MMSG-26659]
Login.c(4): Found resource "http://www.webloadmpstore.com/media/images/logo.gif" in HTML "http://www.webloadmpstore.com/"  	[MsgId: MMSG-26659]
Login.c(4): Found resource "http://www.webloadmpstore.com/media/images/key.gif" in HTML "http://www.webloadmpstore.com/"  	[MsgId: MMSG-26659]
Login.c(4): Found resource "http://www.webloadmpstore.com/media/images/cart.gif" in HTML "http://www.webloadmpstore.com/"  	[MsgId: MMSG-26659]
Login.c(4): Downloading resource "http://www.webloadmpstore.com/media/images/header_bg.gif" (specified by argument number 10)  	[MsgId: MMSG-26577]
Login.c(4): Downloading resource "http://www.webloadmpstore.com/media/images/th.gif" (specified by argument number 12)  	[MsgId: MMSG-26577]
Login.c(4): Downloading resource "http://www.webloadmpstore.com/media/images/border_bg_l.gif" (specified by argument number 14)  	[MsgId: MMSG-26577]
Login.c(4): Found resource "http://www.webloadmpstore.com/media/images/products/sm_1.jpg" in HTML "http://www.webloadmpstore.com/"  	[MsgId: MMSG-26659]
Login.c(4): Found resource "http://www.webloadmpstore.com/media/images/button_addtocart.gif" in HTML "http://www.webloadmpstore.com/"  	[MsgId: MMSG-26659]
Login.c(4): Found resource "http://www.webloadmpstore.com/media/images/products/sm_2.jpg" in HTML "http://www.webloadmpstore.com/"  	[MsgId: MMSG-26659]
Login.c(4): Found resource "http://www.webloadmpstore.com/media/images/products/sm_3.jpg" in HTML "http://www.webloadmpstore.com/"  	[MsgId: MMSG-26659]
Login.c(4): Found resource "http://www.webloadmpstore.com/media/images/products/sm_4.jpg" in HTML "http://www.webloadmpstore.com/"  	[MsgId: MMSG-26659]
Login.c(4): web_url("www.webloadmpstore.com") was successful, 42401 body bytes, 3847 header bytes, 29 chunking overhead bytes  	[MsgId: MMSG-26385]
Login.c(20): Notify: Transaction "Login" started.
Login.c(22): web_url("LOGIN") started  	[MsgId: MMSG-26355]
Login.c(22): Resource "http://www.webloadmpstore.com/media/js/prototype.js" is in the cache already and will not be downloaded again  	[MsgId: MMSG-26655]
Login.c(22): Resource "http://www.webloadmpstore.com/media/js/onlinecounter.js" is in the cache already and will not be downloaded again  	[MsgId: MMSG-26655]
Login.c(22): Resource "http://www.webloadmpstore.com/media/images/logo.gif" is in the cache already and will not be downloaded again  	[MsgId: MMSG-26655]
Login.c(22): Resource "http://www.webloadmpstore.com/media/images/key.gif" is in the cache already and will not be downloaded again  	[MsgId: MMSG-26655]
Login.c(22): Resource "http://www.webloadmpstore.com/media/images/cart.gif" is in the cache already and will not be downloaded again  	[MsgId: MMSG-26655]
Login.c(22): web_url("LOGIN") was successful, 3219 body bytes, 358 header bytes  	[MsgId: MMSG-26386]
Login.c(34): web_submit_data("login.php") started  	[MsgId: MMSG-26355]
Login.c(34): Resource "http://www.webloadmpstore.com/media/js/prototype.js" is in the cache already and will not be downloaded again  	[MsgId: MMSG-26655]
Login.c(34): Resource "http://www.webloadmpstore.com/media/js/onlinecounter.js" is in the cache already and will not be downloaded again  	[MsgId: MMSG-26655]
Login.c(34): Resource "http://www.webloadmpstore.com/media/images/logo.gif" is in the cache already and will not be downloaded again  	[MsgId: MMSG-26655]
Login.c(34): Resource "http://www.webloadmpstore.com/media/images/key.gif" is in the cache already and will not be downloaded again  	[MsgId: MMSG-26655]
Login.c(34): Resource "http://www.webloadmpstore.com/media/images/cart.gif" is in the cache already and will not be downloaded again  	[MsgId: MMSG-26655]
Login.c(34): Resource "http://www.webloadmpstore.com/media/images/th.gif" is in the cache already and will not be downloaded again  	[MsgId: MMSG-26655]
Login.c(34): Resource "http://www.webloadmpstore.com/media/images/header_bg.gif" is in the cache already and will not be downloaded again  	[MsgId: MMSG-26655]
Login.c(34): Resource "http://www.webloadmpstore.com/media/images/border_bg_l.gif" is in the cache already and will not be downloaded again  	[MsgId: MMSG-26655]
Login.c(34): web_submit_data("login.php") was successful, 3285 body bytes, 358 header bytes  	[MsgId: MMSG-26386]
Login.c(54): Notify: Transaction "Login" ended with a "Pass" status (Duration: 2.4328 Wasted Time: 0.3615).
Ending action Login.
Starting action Product1.
Product1.c(6): Notify: Transaction "addtocart" started.
Product1.c(8): web_url("cart.php") started  	[MsgId: MMSG-26355]
Product1.c(8): Resource "http://www.webloadmpstore.com/media/js/prototype.js" is in the cache already and will not be downloaded again  	[MsgId: MMSG-26655]
Product1.c(8): Resource "http://www.webloadmpstore.com/media/js/onlinecounter.js" is in the cache already and will not be downloaded again  	[MsgId: MMSG-26655]
Product1.c(8): Resource "http://www.webloadmpstore.com/media/images/logo.gif" is in the cache already and will not be downloaded again  	[MsgId: MMSG-26655]
Product1.c(8): Resource "http://www.webloadmpstore.com/media/images/key.gif" is in the cache already and will not be downloaded again  	[MsgId: MMSG-26655]
Product1.c(8): Resource "http://www.webloadmpstore.com/media/images/cart.gif" is in the cache already and will not be downloaded again  	[MsgId: MMSG-26655]
Product1.c(8): Found resource "http://www.webloadmpstore.com/media/js/cart.js" in HTML "http://www.webloadmpstore.com/cart.php?event=addproduct&id=1"  	[MsgId: MMSG-26659]
Product1.c(8): web_url("cart.php") was successful, 3047 body bytes, 685 header bytes  	[MsgId: MMSG-26386]
Product1.c(20): web_url("CART") started  	[MsgId: MMSG-26355]
Product1.c(20): Resource "http://www.webloadmpstore.com/media/js/prototype.js" is in the cache already and will not be downloaded again  	[MsgId: MMSG-26655]
Product1.c(20): Resource "http://www.webloadmpstore.com/media/js/onlinecounter.js" is in the cache already and will not be downloaded again  	[MsgId: MMSG-26655]
Product1.c(20): Resource "http://www.webloadmpstore.com/media/images/logo.gif" is in the cache already and will not be downloaded again  	[MsgId: MMSG-26655]
Product1.c(20): Resource "http://www.webloadmpstore.com/media/images/key.gif" is in the cache already and will not be downloaded again  	[MsgId: MMSG-26655]
Product1.c(20): Resource "http://www.webloadmpstore.com/media/images/cart.gif" is in the cache already and will not be downloaded again  	[MsgId: MMSG-26655]
Product1.c(20): Resource "http://www.webloadmpstore.com/media/js/cart.js" is in the cache already and will not be downloaded again  	[MsgId: MMSG-26655]
Product1.c(20): Found resource "http://www.webloadmpstore.com/media/images/accept.gif" in HTML "http://www.webloadmpstore.com/cart.php"  	[MsgId: MMSG-26659]
Product1.c(20): Found resource "http://www.webloadmpstore.com/media/images/delete.gif" in HTML "http://www.webloadmpstore.com/cart.php"  	[MsgId: MMSG-26659]
Product1.c(20): web_url("CART") was successful, 4941 body bytes, 867 header bytes  	[MsgId: MMSG-26386]
Product1.c(30): Notify: Transaction "addtocart" ended with a "Pass" status (Duration: 4.0505 Wasted Time: 0.4087).
Product1.c(34): web_url("Checkout>>") started  	[MsgId: MMSG-26355]
Product1.c(34): Detected non-resource "http://www.webloadmpstore.com/login.php" in "http://www.webloadmpstore.com/checkout.php"  	[MsgId: MMSG-26574]
Product1.c(34): Resource "http://www.webloadmpstore.com/media/js/prototype.js" is in the cache already and will not be downloaded again  	[MsgId: MMSG-26655]
Product1.c(34): Resource "http://www.webloadmpstore.com/media/js/onlinecounter.js" is in the cache already and will not be downloaded again  	[MsgId: MMSG-26655]
Product1.c(34): Resource "http://www.webloadmpstore.com/media/images/logo.gif" is in the cache already and will not be downloaded again  	[MsgId: MMSG-26655]
Product1.c(34): Resource "http://www.webloadmpstore.com/media/images/key.gif" is in the cache already and will not be downloaded again  	[MsgId: MMSG-26655]
Product1.c(34): Resource "http://www.webloadmpstore.com/media/images/cart.gif" is in the cache already and will not be downloaded again  	[MsgId: MMSG-26655]
Product1.c(34): Resource "http://www.webloadmpstore.com/media/js/cart.js" is in the cache already and will not be downloaded again  	[MsgId: MMSG-26655]
Product1.c(34): Found resource "http://www.webloadmpstore.com/media/js/soapclient.js" in HTML "http://www.webloadmpstore.com/checkout.php"  	[MsgId: MMSG-26659]
Product1.c(34): Found resource "http://www.webloadmpstore.com/media/js/checkout.js" in HTML "http://www.webloadmpstore.com/checkout.php"  	[MsgId: MMSG-26659]
Product1.c(34): web_url("Checkout>>") was successful, 10368 body bytes, 1345 header bytes  	[MsgId: MMSG-26386]
Product1.c(46): Notify: Transaction "checkout" started.
Product1.c(48): web_url("checkout.php") started  	[MsgId: MMSG-26355]
Product1.c(48): Detected non-resource "http://www.webloadmpstore.com/login.php" in "http://www.webloadmpstore.com/checkout.php"  	[MsgId: MMSG-26574]
Product1.c(48): Resource "http://www.webloadmpstore.com/media/js/prototype.js" is in the cache already and will not be downloaded again  	[MsgId: MMSG-26655]
Product1.c(48): Resource "http://www.webloadmpstore.com/media/js/onlinecounter.js" is in the cache already and will not be downloaded again  	[MsgId: MMSG-26655]
Product1.c(48): Resource "http://www.webloadmpstore.com/media/images/logo.gif" is in the cache already and will not be downloaded again  	[MsgId: MMSG-26655]
Product1.c(48): Resource "http://www.webloadmpstore.com/media/images/key.gif" is in the cache already and will not be downloaded again  	[MsgId: MMSG-26655]
Product1.c(48): Resource "http://www.webloadmpstore.com/media/images/cart.gif" is in the cache already and will not be downloaded again  	[MsgId: MMSG-26655]
Product1.c(48): Resource "http://www.webloadmpstore.com/media/js/cart.js" is in the cache already and will not be downloaded again  	[MsgId: MMSG-26655]
Product1.c(48): Resource "http://www.webloadmpstore.com/media/js/soapclient.js" is in the cache already and will not be downloaded again  	[MsgId: MMSG-26655]
Product1.c(48): Resource "http://www.webloadmpstore.com/media/js/checkout.js" is in the cache already and will not be downloaded again  	[MsgId: MMSG-26655]
Product1.c(48): web_url("checkout.php") was successful, 6181 body bytes, 716 header bytes  	[MsgId: MMSG-26386]
Product1.c(60): web_url("server.php") started  	[MsgId: MMSG-26355]
Product1.c(60): web_url("server.php") was successful, 557 body bytes, 234 header bytes  	[MsgId: MMSG-26386]
Product1.c(70): web_add_header("SOAPAction") started  	[MsgId: MMSG-26355]
Product1.c(70): web_add_header("SOAPAction") was successful  	[MsgId: MMSG-26392]
Product1.c(73): web_custom_request("server.php_2") started  	[MsgId: MMSG-26355]
Product1.c(73): web_custom_request("server.php_2") was successful, 270 body bytes, 234 header bytes  	[MsgId: MMSG-26386]
Product1.c(86): Notify: Transaction "checkout" ended with a "Pass" status (Duration: 5.0304 Wasted Time: 0.4985).
Ending action Product1.
Starting action Product2.
Product2.c(6): web_url("product.php") started  	[MsgId: MMSG-26355]
Product2.c(6): Resource "http://www.webloadmpstore.com/media/js/prototype.js" is in the cache already and will not be downloaded again  	[MsgId: MMSG-26655]
Product2.c(6): Resource "http://www.webloadmpstore.com/media/js/onlinecounter.js" is in the cache already and will not be downloaded again  	[MsgId: MMSG-26655]
Product2.c(6): Resource "http://www.webloadmpstore.com/media/images/logo.gif" is in the cache already and will not be downloaded again  	[MsgId: MMSG-26655]
Product2.c(6): Resource "http://www.webloadmpstore.com/media/images/key.gif" is in the cache already and will not be downloaded again  	[MsgId: MMSG-26655]
Product2.c(6): Resource "http://www.webloadmpstore.com/media/images/cart.gif" is in the cache already and will not be downloaded again  	[MsgId: MMSG-26655]
Product2.c(6): Resource "http://www.webloadmpstore.com/media/images/products/sm_1.jpg" is in the cache already and will not be downloaded again  	[MsgId: MMSG-26655]
Product2.c(6): Resource "http://www.webloadmpstore.com/media/images/button_addtocart.gif" is in the cache already and will not be downloaded again  	[MsgId: MMSG-26655]
Product2.c(6): web_url("product.php") was successful, 3340 body bytes, 358 header bytes  	[MsgId: MMSG-26386]
Product2.c(18): Notify: Transaction "addtocart" started.
Product2.c(20): web_url("product.php_2") started  	[MsgId: MMSG-26355]
Product2.c(20): Resource "http://www.webloadmpstore.com/media/js/prototype.js" is in the cache already and will not be downloaded again  	[MsgId: MMSG-26655]
Product2.c(20): Resource "http://www.webloadmpstore.com/media/js/onlinecounter.js" is in the cache already and will not be downloaded again  	[MsgId: MMSG-26655]
Product2.c(20): Resource "http://www.webloadmpstore.com/media/images/logo.gif" is in the cache already and will not be downloaded again  	[MsgId: MMSG-26655]
Product2.c(20): Resource "http://www.webloadmpstore.com/media/images/key.gif" is in the cache already and will not be downloaded again  	[MsgId: MMSG-26655]
Product2.c(20): Resource "http://www.webloadmpstore.com/media/images/cart.gif" is in the cache already and will not be downloaded again  	[MsgId: MMSG-26655]
Product2.c(20): Found resource "http://www.webloadmpstore.com/media/images/products/sm_8.jpg" in HTML "http://www.webloadmpstore.com/product.php?id=8"  	[MsgId: MMSG-26659]
Product2.c(20): Resource "http://www.webloadmpstore.com/media/images/button_addtocart.gif" is in the cache already and will not be downloaded again  	[MsgId: MMSG-26655]
Product2.c(20): web_url("product.php_2") was successful, 6040 body bytes, 601 header bytes  	[MsgId: MMSG-26386]
Product2.c(32): web_url("button_addtocart.gif") started  	[MsgId: MMSG-26355]
Product2.c(32): Resource "http://www.webloadmpstore.com/media/js/prototype.js" is in the cache already and will not be downloaded again  	[MsgId: MMSG-26655]
Product2.c(32): Resource "http://www.webloadmpstore.com/media/js/onlinecounter.js" is in the cache already and will not be downloaded again  	[MsgId: MMSG-26655]
Product2.c(32): Resource "http://www.webloadmpstore.com/media/images/logo.gif" is in the cache already and will not be downloaded again  	[MsgId: MMSG-26655]
Product2.c(32): Resource "http://www.webloadmpstore.com/media/images/key.gif" is in the cache already and will not be downloaded again  	[MsgId: MMSG-26655]
Product2.c(32): Resource "http://www.webloadmpstore.com/media/images/cart.gif" is in the cache already and will not be downloaded again  	[MsgId: MMSG-26655]
Product2.c(32): Resource "http://www.webloadmpstore.com/media/js/cart.js" is in the cache already and will not be downloaded again  	[MsgId: MMSG-26655]
Product2.c(32): Resource "http://www.webloadmpstore.com/media/images/accept.gif" is in the cache already and will not be downloaded again  	[MsgId: MMSG-26655]
Product2.c(32): Resource "http://www.webloadmpstore.com/media/images/delete.gif" is in the cache already and will not be downloaded again  	[MsgId: MMSG-26655]
Product2.c(32): web_url("button_addtocart.gif") was successful, 3323 body bytes, 358 header bytes  	[MsgId: MMSG-26386]
Product2.c(42): Notify: Transaction "addtocart" ended with a "Pass" status (Duration: 2.4824 Wasted Time: 0.2419).
Product2.c(46): Notify: Transaction "Checkout" started.
Product2.c(48): web_url("Checkout>>_2") started  	[MsgId: MMSG-26355]
Product2.c(48): Detected non-resource "http://www.webloadmpstore.com/login.php" in "http://www.webloadmpstore.com/checkout.php"  	[MsgId: MMSG-26574]
Product2.c(48): Resource "http://www.webloadmpstore.com/media/js/prototype.js" is in the cache already and will not be downloaded again  	[MsgId: MMSG-26655]
Product2.c(48): Resource "http://www.webloadmpstore.com/media/js/onlinecounter.js" is in the cache already and will not be downloaded again  	[MsgId: MMSG-26655]
Product2.c(48): Resource "http://www.webloadmpstore.com/media/images/logo.gif" is in the cache already and will not be downloaded again  	[MsgId: MMSG-26655]
Product2.c(48): Resource "http://www.webloadmpstore.com/media/images/key.gif" is in the cache already and will not be downloaded again  	[MsgId: MMSG-26655]
Product2.c(48): Resource "http://www.webloadmpstore.com/media/images/cart.gif" is in the cache already and will not be downloaded again  	[MsgId: MMSG-26655]
Product2.c(48): Resource "http://www.webloadmpstore.com/media/js/cart.js" is in the cache already and will not be downloaded again  	[MsgId: MMSG-26655]
Product2.c(48): Resource "http://www.webloadmpstore.com/media/js/soapclient.js" is in the cache already and will not be downloaded again  	[MsgId: MMSG-26655]
Product2.c(48): Resource "http://www.webloadmpstore.com/media/js/checkout.js" is in the cache already and will not be downloaded again  	[MsgId: MMSG-26655]
Product2.c(48): web_url("Checkout>>_2") was successful, 6181 body bytes, 716 header bytes  	[MsgId: MMSG-26386]
Product2.c(60): web_url("server.php_3") started  	[MsgId: MMSG-26355]
Product2.c(60): web_url("server.php_3") was successful, 557 body bytes, 234 header bytes  	[MsgId: MMSG-26386]
Product2.c(70): web_add_header("SOAPAction") started  	[MsgId: MMSG-26355]
Product2.c(70): web_add_header("SOAPAction") was successful  	[MsgId: MMSG-26392]
Product2.c(73): web_custom_request("server.php_4") started  	[MsgId: MMSG-26355]
Product2.c(73): web_custom_request("server.php_4") was successful, 270 body bytes, 234 header bytes  	[MsgId: MMSG-26386]
Product2.c(86): Notify: Transaction "Checkout" ended with a "Pass" status (Duration: 5.2639 Wasted Time: 0.6043).
Ending action Product2.
Starting action Product3.
Product3.c(6): Notify: Transaction "addtocart" started.
Product3.c(8): web_url("product.php_3") started  	[MsgId: MMSG-26355]
Product3.c(8): Resource "http://www.webloadmpstore.com/media/js/prototype.js" is in the cache already and will not be downloaded again  	[MsgId: MMSG-26655]
Product3.c(8): Resource "http://www.webloadmpstore.com/media/js/onlinecounter.js" is in the cache already and will not be downloaded again  	[MsgId: MMSG-26655]
Product3.c(8): Resource "http://www.webloadmpstore.com/media/images/logo.gif" is in the cache already and will not be downloaded again  	[MsgId: MMSG-26655]
Product3.c(8): Resource "http://www.webloadmpstore.com/media/images/key.gif" is in the cache already and will not be downloaded again  	[MsgId: MMSG-26655]
Product3.c(8): Resource "http://www.webloadmpstore.com/media/images/cart.gif" is in the cache already and will not be downloaded again  	[MsgId: MMSG-26655]
Product3.c(8): Resource "http://www.webloadmpstore.com/media/images/products/sm_1.jpg" is in the cache already and will not be downloaded again  	[MsgId: MMSG-26655]
Product3.c(8): Resource "http://www.webloadmpstore.com/media/images/button_addtocart.gif" is in the cache already and will not be downloaded again  	[MsgId: MMSG-26655]
Product3.c(8): web_url("product.php_3") was successful, 3311 body bytes, 358 header bytes  	[MsgId: MMSG-26386]
Product3.c(18): web_url("button_addtocart.gif_2") started  	[MsgId: MMSG-26355]
Product3.c(18): Resource "http://www.webloadmpstore.com/media/js/prototype.js" is in the cache already and will not be downloaded again  	[MsgId: MMSG-26655]
Product3.c(18): Resource "http://www.webloadmpstore.com/media/js/onlinecounter.js" is in the cache already and will not be downloaded again  	[MsgId: MMSG-26655]
Product3.c(18): Resource "http://www.webloadmpstore.com/media/images/logo.gif" is in the cache already and will not be downloaded again  	[MsgId: MMSG-26655]
Product3.c(18): Resource "http://www.webloadmpstore.com/media/images/key.gif" is in the cache already and will not be downloaded again  	[MsgId: MMSG-26655]
Product3.c(18): Resource "http://www.webloadmpstore.com/media/images/cart.gif" is in the cache already and will not be downloaded again  	[MsgId: MMSG-26655]
Product3.c(18): Resource "http://www.webloadmpstore.com/media/js/cart.js" is in the cache already and will not be downloaded again  	[MsgId: MMSG-26655]
Product3.c(18): Resource "http://www.webloadmpstore.com/media/images/accept.gif" is in the cache already and will not be downloaded again  	[MsgId: MMSG-26655]
Product3.c(18): Resource "http://www.webloadmpstore.com/media/images/delete.gif" is in the cache already and will not be downloaded again  	[MsgId: MMSG-26655]
Product3.c(18): web_url("button_addtocart.gif_2") was successful, 3325 body bytes, 358 header bytes  	[MsgId: MMSG-26386]
Product3.c(28): Notify: Transaction "addtocart" ended with a "Pass" status (Duration: 2.6337 Wasted Time: 0.3863).
Product3.c(32): Notify: Transaction "checkout" started.
Product3.c(34): web_url("Checkout>>_3") started  	[MsgId: MMSG-26355]
Product3.c(34): Detected non-resource "http://www.webloadmpstore.com/login.php" in "http://www.webloadmpstore.com/checkout.php"  	[MsgId: MMSG-26574]
Product3.c(34): Resource "http://www.webloadmpstore.com/media/js/prototype.js" is in the cache already and will not be downloaded again  	[MsgId: MMSG-26655]
Product3.c(34): Resource "http://www.webloadmpstore.com/media/js/onlinecounter.js" is in the cache already and will not be downloaded again  	[MsgId: MMSG-26655]
Product3.c(34): Resource "http://www.webloadmpstore.com/media/images/logo.gif" is in the cache already and will not be downloaded again  	[MsgId: MMSG-26655]
Product3.c(34): Resource "http://www.webloadmpstore.com/media/images/key.gif" is in the cache already and will not be downloaded again  	[MsgId: MMSG-26655]
Product3.c(34): Resource "http://www.webloadmpstore.com/media/images/cart.gif" is in the cache already and will not be downloaded again  	[MsgId: MMSG-26655]
Product3.c(34): Resource "http://www.webloadmpstore.com/media/js/cart.js" is in the cache already and will not be downloaded again  	[MsgId: MMSG-26655]
Product3.c(34): Resource "http://www.webloadmpstore.com/media/js/soapclient.js" is in the cache already and will not be downloaded again  	[MsgId: MMSG-26655]
Product3.c(34): Resource "http://www.webloadmpstore.com/media/js/checkout.js" is in the cache already and will not be downloaded again  	[MsgId: MMSG-26655]
Product3.c(34): web_url("Checkout>>_3") was successful, 6181 body bytes, 742 header bytes  	[MsgId: MMSG-26386]
Product3.c(46): web_url("server.php_5") started  	[MsgId: MMSG-26355]
Product3.c(46): web_url("server.php_5") was successful, 557 body bytes, 234 header bytes  	[MsgId: MMSG-26386]
Product3.c(56): web_add_header("SOAPAction") started  	[MsgId: MMSG-26355]
Product3.c(56): web_add_header("SOAPAction") was successful  	[MsgId: MMSG-26392]
Product3.c(59): web_custom_request("server.php_6") started  	[MsgId: MMSG-26355]
Product3.c(59): web_custom_request("server.php_6") was successful, 270 body bytes, 234 header bytes  	[MsgId: MMSG-26386]
Product3.c(72): Notify: Transaction "checkout" ended with a "Pass" status (Duration: 5.5003 Wasted Time: 0.5927).
Ending action Product3.
Starting action Demo.
Demo.c(6): Notify: Transaction "Demos" started.
Demo.c(8): web_url("category.php") started  	[MsgId: MMSG-26355]
Demo.c(8): Resource "http://www.webloadmpstore.com/media/js/prototype.js" is in the cache already and will not be downloaded again  	[MsgId: MMSG-26655]
Demo.c(8): Resource "http://www.webloadmpstore.com/media/js/onlinecounter.js" is in the cache already and will not be downloaded again  	[MsgId: MMSG-26655]
Demo.c(8): Resource "http://www.webloadmpstore.com/media/images/logo.gif" is in the cache already and will not be downloaded again  	[MsgId: MMSG-26655]
Demo.c(8): Resource "http://www.webloadmpstore.com/media/images/key.gif" is in the cache already and will not be downloaded again  	[MsgId: MMSG-26655]
Demo.c(8): Resource "http://www.webloadmpstore.com/media/images/cart.gif" is in the cache already and will not be downloaded again  	[MsgId: MMSG-26655]
Demo.c(8): Resource "http://www.webloadmpstore.com/media/images/products/sm_1.jpg" is in the cache already and will not be downloaded again  	[MsgId: MMSG-26655]
Demo.c(8): Resource "http://www.webloadmpstore.com/media/images/button_addtocart.gif" is in the cache already and will not be downloaded again  	[MsgId: MMSG-26655]
Demo.c(8): Resource "http://www.webloadmpstore.com/media/images/products/sm_8.jpg" is in the cache already and will not be downloaded again  	[MsgId: MMSG-26655]
Demo.c(8): Found resource "http://www.webloadmpstore.com/media/images/products/sm_10.jpg" in HTML "http://www.webloadmpstore.com/category.php?category_id=1"  	[MsgId: MMSG-26659]
Demo.c(8): Found resource "http://www.webloadmpstore.com/media/images/products/sm_.jpg" in HTML "http://www.webloadmpstore.com/category.php?category_id=1"  	[MsgId: MMSG-26659]
Demo.c(8): web_url("category.php") was successful, 10018 body bytes, 870 header bytes  	[MsgId: MMSG-26386]
Demo.c(18): Notify: Transaction "Demos" ended with a "Pass" status (Duration: 2.1745 Wasted Time: 0.1910).
Ending action Demo.
Starting action Logout.
Logout.c(6): Notify: Transaction "Logout" started.
Logout.c(8): web_url("login.php_2") started  	[MsgId: MMSG-26355]
Logout.c(8): Resource "http://www.webloadmpstore.com/media/js/prototype.js" is in the cache already and will not be downloaded again  	[MsgId: MMSG-26655]
Logout.c(8): Resource "http://www.webloadmpstore.com/media/js/onlinecounter.js" is in the cache already and will not be downloaded again  	[MsgId: MMSG-26655]
Logout.c(8): Resource "http://www.webloadmpstore.com/media/images/logo.gif" is in the cache already and will not be downloaded again  	[MsgId: MMSG-26655]
Logout.c(8): Resource "http://www.webloadmpstore.com/media/images/key.gif" is in the cache already and will not be downloaded again  	[MsgId: MMSG-26655]
Logout.c(8): Resource "http://www.webloadmpstore.com/media/images/cart.gif" is in the cache already and will not be downloaded again  	[MsgId: MMSG-26655]
Logout.c(8): web_url("login.php_2") was successful, 3224 body bytes, 358 header bytes  	[MsgId: MMSG-26386]
Logout.c(18): Notify: Transaction "Logout" ended with a "Pass" status (Duration: 1.7166 Wasted Time: 0.3312).
Ending action Logout.
Starting action Execution.
Login.c(4): web_url("www.webloadmpstore.com") started  	[MsgId: MMSG-26355]
Login.c(4): Resource "http://www.webloadmpstore.com/media/js/prototype.js" is in the cache already and will not be downloaded again  	[MsgId: MMSG-26655]
Login.c(4): Resource "http://www.webloadmpstore.com/media/js/onlinecounter.js" is in the cache already and will not be downloaded again  	[MsgId: MMSG-26655]
Login.c(4): Resource "http://www.webloadmpstore.com/media/images/logo.gif" is in the cache already and will not be downloaded again  	[MsgId: MMSG-26655]
Login.c(4): Resource "http://www.webloadmpstore.com/media/images/key.gif" is in the cache already and will not be downloaded again  	[MsgId: MMSG-26655]
Login.c(4): Resource "http://www.webloadmpstore.com/media/images/cart.gif" is in the cache already and will not be downloaded again  	[MsgId: MMSG-26655]
Login.c(4): Resource "http://www.webloadmpstore.com/media/images/products/sm_1.jpg" is in the cache already and will not be downloaded again  	[MsgId: MMSG-26655]
Login.c(4): Resource "http://www.webloadmpstore.com/media/images/button_addtocart.gif" is in the cache already and will not be downloaded again  	[MsgId: MMSG-26655]
Login.c(4): Resource "http://www.webloadmpstore.com/media/images/products/sm_2.jpg" is in the cache already and will not be downloaded again  	[MsgId: MMSG-26655]
Login.c(4): Resource "http://www.webloadmpstore.com/media/images/header_bg.gif" is in the cache already and will not be downloaded again  	[MsgId: MMSG-26655]
Login.c(4): Resource "http://www.webloadmpstore.com/media/images/th.gif" is in the cache already and will not be downloaded again  	[MsgId: MMSG-26655]
Login.c(4): Resource "http://www.webloadmpstore.com/media/images/border_bg_l.gif" is in the cache already and will not be downloaded again  	[MsgId: MMSG-26655]
Login.c(4): Resource "http://www.webloadmpstore.com/media/images/products/sm_3.jpg" is in the cache already and will not be downloaded again  	[MsgId: MMSG-26655]
Login.c(4): Resource "http://www.webloadmpstore.com/media/images/products/sm_4.jpg" is in the cache already and will not be downloaded again  	[MsgId: MMSG-26655]
Login.c(4): web_url("www.webloadmpstore.com") was successful, 4069 body bytes, 358 header bytes  	[MsgId: MMSG-26386]
Login.c(20): Notify: Transaction "Login" started.
Login.c(22): web_url("LOGIN") started  	[MsgId: MMSG-26355]
Login.c(22): Resource "http://www.webloadmpstore.com/media/js/prototype.js" is in the cache already and will not be downloaded again  	[MsgId: MMSG-26655]
Login.c(22): Resource "http://www.webloadmpstore.com/media/js/onlinecounter.js" is in the cache already and will not be downloaded again  	[MsgId: MMSG-26655]
Login.c(22): Resource "http://www.webloadmpstore.com/media/images/logo.gif" is in the cache already and will not be downloaded again  	[MsgId: MMSG-26655]
Login.c(22): Resource "http://www.webloadmpstore.com/media/images/key.gif" is in the cache already and will not be downloaded again  	[MsgId: MMSG-26655]
Login.c(22): Resource "http://www.webloadmpstore.com/media/images/cart.gif" is in the cache already and will not be downloaded again  	[MsgId: MMSG-26655]
Login.c(22): web_url("LOGIN") was successful, 3219 body bytes, 358 header bytes  	[MsgId: MMSG-26386]
Login.c(34): web_submit_data("login.php") started  	[MsgId: MMSG-26355]
Login.c(34): Resource "http://www.webloadmpstore.com/media/js/prototype.js" is in the cache already and will not be downloaded again  	[MsgId: MMSG-26655]
Login.c(34): Resource "http://www.webloadmpstore.com/media/js/onlinecounter.js" is in the cache already and will not be downloaded again  	[MsgId: MMSG-26655]
Login.c(34): Resource "http://www.webloadmpstore.com/media/images/logo.gif" is in the cache already and will not be downloaded again  	[MsgId: MMSG-26655]
Login.c(34): Resource "http://www.webloadmpstore.com/media/images/key.gif" is in the cache already and will not be downloaded again  	[MsgId: MMSG-26655]
Login.c(34): Resource "http://www.webloadmpstore.com/media/images/cart.gif" is in the cache already and will not be downloaded again  	[MsgId: MMSG-26655]
Login.c(34): Resource "http://www.webloadmpstore.com/media/images/th.gif" is in the cache already and will not be downloaded again  	[MsgId: MMSG-26655]
Login.c(34): Resource "http://www.webloadmpstore.com/media/images/header_bg.gif" is in the cache already and will not be downloaded again  	[MsgId: MMSG-26655]
Login.c(34): Resource "http://www.webloadmpstore.com/media/images/border_bg_l.gif" is in the cache already and will not be downloaded again  	[MsgId: MMSG-26655]
Login.c(34): web_submit_data("login.php") was successful, 3285 body bytes, 358 header bytes  	[MsgId: MMSG-26386]
Login.c(54): Notify: Transaction "Login" ended with a "Pass" status (Duration: 2.4661 Wasted Time: 0.3332).
Product1.c(6): Notify: Transaction "addtocart" started.
Product1.c(8): web_url("cart.php") started  	[MsgId: MMSG-26355]
Product1.c(8): Resource "http://www.webloadmpstore.com/media/js/prototype.js" is in the cache already and will not be downloaded again  	[MsgId: MMSG-26655]
Product1.c(8): Resource "http://www.webloadmpstore.com/media/js/onlinecounter.js" is in the cache already and will not be downloaded again  	[MsgId: MMSG-26655]
Product1.c(8): Resource "http://www.webloadmpstore.com/media/images/logo.gif" is in the cache already and will not be downloaded again  	[MsgId: MMSG-26655]
Product1.c(8): Resource "http://www.webloadmpstore.com/media/images/key.gif" is in the cache already and will not be downloaded again  	[MsgId: MMSG-26655]
Product1.c(8): Resource "http://www.webloadmpstore.com/media/images/cart.gif" is in the cache already and will not be downloaded again  	[MsgId: MMSG-26655]
Product1.c(8): Resource "http://www.webloadmpstore.com/media/js/cart.js" is in the cache already and will not be downloaded again  	[MsgId: MMSG-26655]
Product1.c(8): web_url("cart.php") was successful, 2860 body bytes, 358 header bytes  	[MsgId: MMSG-26386]
Product1.c(20): web_url("CART") started  	[MsgId: MMSG-26355]
Product1.c(20): Resource "http://www.webloadmpstore.com/media/js/prototype.js" is in the cache already and will not be downloaded again  	[MsgId: MMSG-26655]
Product1.c(20): Resource "http://www.webloadmpstore.com/media/js/onlinecounter.js" is in the cache already and will not be downloaded again  	[MsgId: MMSG-26655]
Product1.c(20): Resource "http://www.webloadmpstore.com/media/images/logo.gif" is in the cache already and will not be downloaded again  	[MsgId: MMSG-26655]
Product1.c(20): Resource "http://www.webloadmpstore.com/media/images/key.gif" is in the cache already and will not be downloaded again  	[MsgId: MMSG-26655]
Product1.c(20): Resource "http://www.webloadmpstore.com/media/images/cart.gif" is in the cache already and will not be downloaded again  	[MsgId: MMSG-26655]
Product1.c(20): Resource "http://www.webloadmpstore.com/media/js/cart.js" is in the cache already and will not be downloaded again  	[MsgId: MMSG-26655]
Product1.c(20): Resource "http://www.webloadmpstore.com/media/images/accept.gif" is in the cache already and will not be downloaded again  	[MsgId: MMSG-26655]
Product1.c(20): Resource "http://www.webloadmpstore.com/media/images/delete.gif" is in the cache already and will not be downloaded again  	[MsgId: MMSG-26655]
Product1.c(20): web_url("CART") was successful, 3323 body bytes, 358 header bytes  	[MsgId: MMSG-26386]
Product1.c(30): Notify: Transaction "addtocart" ended with a "Pass" status (Duration: 2.4733 Wasted Time: 0.4461).
Product1.c(34): web_url("Checkout>>") started  	[MsgId: MMSG-26355]
Product1.c(34): Detected non-resource "http://www.webloadmpstore.com/login.php" in "http://www.webloadmpstore.com/checkout.php"  	[MsgId: MMSG-26574]
Product1.c(34): Resource "http://www.webloadmpstore.com/media/js/prototype.js" is in the cache already and will not be downloaded again  	[MsgId: MMSG-26655]
Product1.c(34): Resource "http://www.webloadmpstore.com/media/js/onlinecounter.js" is in the cache already and will not be downloaded again  	[MsgId: MMSG-26655]
Product1.c(34): Resource "http://www.webloadmpstore.com/media/images/logo.gif" is in the cache already and will not be downloaded again  	[MsgId: MMSG-26655]
Product1.c(34): Resource "http://www.webloadmpstore.com/media/images/key.gif" is in the cache already and will not be downloaded again  	[MsgId: MMSG-26655]
Product1.c(34): Resource "http://www.webloadmpstore.com/media/images/cart.gif" is in the cache already and will not be downloaded again  	[MsgId: MMSG-26655]
Product1.c(34): Resource "http://www.webloadmpstore.com/media/js/cart.js" is in the cache already and will not be downloaded again  	[MsgId: MMSG-26655]
Product1.c(34): Resource "http://www.webloadmpstore.com/media/js/soapclient.js" is in the cache already and will not be downloaded again  	[MsgId: MMSG-26655]
Product1.c(34): Resource "http://www.webloadmpstore.com/media/js/checkout.js" is in the cache already and will not be downloaded again  	[MsgId: MMSG-26655]
Product1.c(34): web_url("Checkout>>") was successful, 6181 body bytes, 742 header bytes  	[MsgId: MMSG-26386]
Product1.c(46): Notify: Transaction "checkout" started.
Product1.c(48): web_url("checkout.php") started  	[MsgId: MMSG-26355]
Product1.c(48): Detected non-resource "http://www.webloadmpstore.com/login.php" in "http://www.webloadmpstore.com/checkout.php"  	[MsgId: MMSG-26574]
Product1.c(48): Resource "http://www.webloadmpstore.com/media/js/prototype.js" is in the cache already and will not be downloaded again  	[MsgId: MMSG-26655]
Product1.c(48): Resource "http://www.webloadmpstore.com/media/js/onlinecounter.js" is in the cache already and will not be downloaded again  	[MsgId: MMSG-26655]
Product1.c(48): Resource "http://www.webloadmpstore.com/media/images/logo.gif" is in the cache already and will not be downloaded again  	[MsgId: MMSG-26655]
Product1.c(48): Resource "http://www.webloadmpstore.com/media/images/key.gif" is in the cache already and will not be downloaded again  	[MsgId: MMSG-26655]
Product1.c(48): Resource "http://www.webloadmpstore.com/media/images/cart.gif" is in the cache already and will not be downloaded again  	[MsgId: MMSG-26655]
Product1.c(48): Resource "http://www.webloadmpstore.com/media/js/cart.js" is in the cache already and will not be downloaded again  	[MsgId: MMSG-26655]
Product1.c(48): Resource "http://www.webloadmpstore.com/media/js/soapclient.js" is in the cache already and will not be downloaded again  	[MsgId: MMSG-26655]
Product1.c(48): Resource "http://www.webloadmpstore.com/media/js/checkout.js" is in the cache already and will not be downloaded again  	[MsgId: MMSG-26655]
Product1.c(48): web_url("checkout.php") was successful, 6181 body bytes, 716 header bytes  	[MsgId: MMSG-26386]
Product1.c(60): web_url("server.php") started  	[MsgId: MMSG-26355]
Product1.c(60): web_url("server.php") was successful, 557 body bytes, 234 header bytes  	[MsgId: MMSG-26386]
Product1.c(70): web_add_header("SOAPAction") started  	[MsgId: MMSG-26355]
Product1.c(70): web_add_header("SOAPAction") was successful  	[MsgId: MMSG-26392]
Product1.c(73): web_custom_request("server.php_2") started  	[MsgId: MMSG-26355]
Product1.c(73): web_custom_request("server.php_2") was successful, 270 body bytes, 234 header bytes  	[MsgId: MMSG-26386]
Product1.c(86): Notify: Transaction "checkout" ended with a "Pass" status (Duration: 5.5583 Wasted Time: 0.4400).
Demo.c(6): Notify: Transaction "Demos" started.
Demo.c(8): web_url("category.php") started  	[MsgId: MMSG-26355]
Demo.c(8): Resource "http://www.webloadmpstore.com/media/js/prototype.js" is in the cache already and will not be downloaded again  	[MsgId: MMSG-26655]
Demo.c(8): Resource "http://www.webloadmpstore.com/media/js/onlinecounter.js" is in the cache already and will not be downloaded again  	[MsgId: MMSG-26655]
Demo.c(8): Resource "http://www.webloadmpstore.com/media/images/logo.gif" is in the cache already and will not be downloaded again  	[MsgId: MMSG-26655]
Demo.c(8): Resource "http://www.webloadmpstore.com/media/images/key.gif" is in the cache already and will not be downloaded again  	[MsgId: MMSG-26655]
Demo.c(8): Resource "http://www.webloadmpstore.com/media/images/cart.gif" is in the cache already and will not be downloaded again  	[MsgId: MMSG-26655]
Demo.c(8): Resource "http://www.webloadmpstore.com/media/images/products/sm_1.jpg" is in the cache already and will not be downloaded again  	[MsgId: MMSG-26655]
Demo.c(8): Resource "http://www.webloadmpstore.com/media/images/button_addtocart.gif" is in the cache already and will not be downloaded again  	[MsgId: MMSG-26655]
Demo.c(8): Resource "http://www.webloadmpstore.com/media/images/products/sm_8.jpg" is in the cache already and will not be downloaded again  	[MsgId: MMSG-26655]
Demo.c(8): Resource "http://www.webloadmpstore.com/media/images/products/sm_10.jpg" is in the cache already and will not be downloaded again  	[MsgId: MMSG-26655]
Demo.c(8): Resource "http://www.webloadmpstore.com/media/images/products/sm_.jpg" is in the cache already and will not be downloaded again  	[MsgId: MMSG-26655]
Demo.c(8): web_url("category.php") was successful, 4584 body bytes, 358 header bytes  	[MsgId: MMSG-26386]
Demo.c(18): Notify: Transaction "Demos" ended with a "Pass" status (Duration: 1.7839 Wasted Time: 0.1479).
Product2.c(6): web_url("product.php") started  	[MsgId: MMSG-26355]
Product2.c(6): Resource "http://www.webloadmpstore.com/media/js/prototype.js" is in the cache already and will not be downloaded again  	[MsgId: MMSG-26655]
Product2.c(6): Resource "http://www.webloadmpstore.com/media/js/onlinecounter.js" is in the cache already and will not be downloaded again  	[MsgId: MMSG-26655]
Product2.c(6): Resource "http://www.webloadmpstore.com/media/images/logo.gif" is in the cache already and will not be downloaded again  	[MsgId: MMSG-26655]
Product2.c(6): Resource "http://www.webloadmpstore.com/media/images/key.gif" is in the cache already and will not be downloaded again  	[MsgId: MMSG-26655]
Product2.c(6): Resource "http://www.webloadmpstore.com/media/images/cart.gif" is in the cache already and will not be downloaded again  	[MsgId: MMSG-26655]
Product2.c(6): Resource "http://www.webloadmpstore.com/media/images/products/sm_1.jpg" is in the cache already and will not be downloaded again  	[MsgId: MMSG-26655]
Product2.c(6): Resource "http://www.webloadmpstore.com/media/images/button_addtocart.gif" is in the cache already and will not be downloaded again  	[MsgId: MMSG-26655]
Product2.c(6): web_url("product.php") was successful, 3340 body bytes, 358 header bytes  	[MsgId: MMSG-26386]
Product2.c(18): Notify: Transaction "addtocart" started.
Product2.c(20): web_url("product.php_2") started  	[MsgId: MMSG-26355]
Product2.c(20): Resource "http://www.webloadmpstore.com/media/js/prototype.js" is in the cache already and will not be downloaded again  	[MsgId: MMSG-26655]
Product2.c(20): Resource "http://www.webloadmpstore.com/media/js/onlinecounter.js" is in the cache already and will not be downloaded again  	[MsgId: MMSG-26655]
Product2.c(20): Resource "http://www.webloadmpstore.com/media/images/logo.gif" is in the cache already and will not be downloaded again  	[MsgId: MMSG-26655]
Product2.c(20): Resource "http://www.webloadmpstore.com/media/images/key.gif" is in the cache already and will not be downloaded again  	[MsgId: MMSG-26655]
Product2.c(20): Resource "http://www.webloadmpstore.com/media/images/cart.gif" is in the cache already and will not be downloaded again  	[MsgId: MMSG-26655]
Product2.c(20): Resource "http://www.webloadmpstore.com/media/images/products/sm_8.jpg" is in the cache already and will not be downloaded again  	[MsgId: MMSG-26655]
Product2.c(20): Resource "http://www.webloadmpstore.com/media/images/button_addtocart.gif" is in the cache already and will not be downloaded again  	[MsgId: MMSG-26655]
Product2.c(20): web_url("product.php_2") was successful, 3304 body bytes, 358 header bytes  	[MsgId: MMSG-26386]
Product2.c(32): web_url("button_addtocart.gif") started  	[MsgId: MMSG-26355]
Product2.c(32): Resource "http://www.webloadmpstore.com/media/js/prototype.js" is in the cache already and will not be downloaded again  	[MsgId: MMSG-26655]
Product2.c(32): Resource "http://www.webloadmpstore.com/media/js/onlinecounter.js" is in the cache already and will not be downloaded again  	[MsgId: MMSG-26655]
Product2.c(32): Resource "http://www.webloadmpstore.com/media/images/logo.gif" is in the cache already and will not be downloaded again  	[MsgId: MMSG-26655]
Product2.c(32): Resource "http://www.webloadmpstore.com/media/images/key.gif" is in the cache already and will not be downloaded again  	[MsgId: MMSG-26655]
Product2.c(32): Resource "http://www.webloadmpstore.com/media/images/cart.gif" is in the cache already and will not be downloaded again  	[MsgId: MMSG-26655]
Product2.c(32): Resource "http://www.webloadmpstore.com/media/js/cart.js" is in the cache already and will not be downloaded again  	[MsgId: MMSG-26655]
Product2.c(32): Resource "http://www.webloadmpstore.com/media/images/accept.gif" is in the cache already and will not be downloaded again  	[MsgId: MMSG-26655]
Product2.c(32): Resource "http://www.webloadmpstore.com/media/images/delete.gif" is in the cache already and will not be downloaded again  	[MsgId: MMSG-26655]
Product2.c(32): web_url("button_addtocart.gif") was successful, 3323 body bytes, 358 header bytes  	[MsgId: MMSG-26386]
Product2.c(42): Notify: Transaction "addtocart" ended with a "Pass" status (Duration: 2.3123 Wasted Time: 0.4205).
Product2.c(46): Notify: Transaction "Checkout" started.
Product2.c(48): web_url("Checkout>>_2") started  	[MsgId: MMSG-26355]
Product2.c(48): Detected non-resource "http://www.webloadmpstore.com/login.php" in "http://www.webloadmpstore.com/checkout.php"  	[MsgId: MMSG-26574]
Product2.c(48): Resource "http://www.webloadmpstore.com/media/js/prototype.js" is in the cache already and will not be downloaded again  	[MsgId: MMSG-26655]
Product2.c(48): Resource "http://www.webloadmpstore.com/media/js/onlinecounter.js" is in the cache already and will not be downloaded again  	[MsgId: MMSG-26655]
Product2.c(48): Resource "http://www.webloadmpstore.com/media/images/logo.gif" is in the cache already and will not be downloaded again  	[MsgId: MMSG-26655]
Product2.c(48): Resource "http://www.webloadmpstore.com/media/images/key.gif" is in the cache already and will not be downloaded again  	[MsgId: MMSG-26655]
Product2.c(48): Resource "http://www.webloadmpstore.com/media/images/cart.gif" is in the cache already and will not be downloaded again  	[MsgId: MMSG-26655]
Product2.c(48): Resource "http://www.webloadmpstore.com/media/js/cart.js" is in the cache already and will not be downloaded again  	[MsgId: MMSG-26655]
Product2.c(48): Resource "http://www.webloadmpstore.com/media/js/soapclient.js" is in the cache already and will not be downloaded again  	[MsgId: MMSG-26655]
Product2.c(48): Resource "http://www.webloadmpstore.com/media/js/checkout.js" is in the cache already and will not be downloaded again  	[MsgId: MMSG-26655]
Product2.c(48): web_url("Checkout>>_2") was successful, 6181 body bytes, 742 header bytes  	[MsgId: MMSG-26386]
Product2.c(60): web_url("server.php_3") started  	[MsgId: MMSG-26355]
Product2.c(60): web_url("server.php_3") was successful, 557 body bytes, 234 header bytes  	[MsgId: MMSG-26386]
Product2.c(70): web_add_header("SOAPAction") started  	[MsgId: MMSG-26355]
Product2.c(70): web_add_header("SOAPAction") was successful  	[MsgId: MMSG-26392]
Product2.c(73): web_custom_request("server.php_4") started  	[MsgId: MMSG-26355]
Product2.c(73): web_custom_request("server.php_4") was successful, 270 body bytes, 234 header bytes  	[MsgId: MMSG-26386]
Product2.c(86): Notify: Transaction "Checkout" ended with a "Pass" status (Duration: 5.1117 Wasted Time: 0.4354).
Demo.c(6): Notify: Transaction "Demos" started.
Demo.c(8): web_url("category.php") started  	[MsgId: MMSG-26355]
Demo.c(8): Resource "http://www.webloadmpstore.com/media/js/prototype.js" is in the cache already and will not be downloaded again  	[MsgId: MMSG-26655]
Demo.c(8): Resource "http://www.webloadmpstore.com/media/js/onlinecounter.js" is in the cache already and will not be downloaded again  	[MsgId: MMSG-26655]
Demo.c(8): Resource "http://www.webloadmpstore.com/media/images/logo.gif" is in the cache already and will not be downloaded again  	[MsgId: MMSG-26655]
Demo.c(8): Resource "http://www.webloadmpstore.com/media/images/key.gif" is in the cache already and will not be downloaded again  	[MsgId: MMSG-26655]
Demo.c(8): Resource "http://www.webloadmpstore.com/media/images/cart.gif" is in the cache already and will not be downloaded again  	[MsgId: MMSG-26655]
Demo.c(8): Resource "http://www.webloadmpstore.com/media/images/products/sm_1.jpg" is in the cache already and will not be downloaded again  	[MsgId: MMSG-26655]
Demo.c(8): Resource "http://www.webloadmpstore.com/media/images/button_addtocart.gif" is in the cache already and will not be downloaded again  	[MsgId: MMSG-26655]
Demo.c(8): Resource "http://www.webloadmpstore.com/media/images/products/sm_8.jpg" is in the cache already and will not be downloaded again  	[MsgId: MMSG-26655]
Demo.c(8): Resource "http://www.webloadmpstore.com/media/images/products/sm_10.jpg" is in the cache already and will not be downloaded again  	[MsgId: MMSG-26655]
Demo.c(8): Resource "http://www.webloadmpstore.com/media/images/products/sm_.jpg" is in the cache already and will not be downloaded again  	[MsgId: MMSG-26655]
Demo.c(8): web_url("category.php") was successful, 4584 body bytes, 358 header bytes  	[MsgId: MMSG-26386]
Demo.c(18): Notify: Transaction "Demos" ended with a "Pass" status (Duration: 1.7559 Wasted Time: 0.2592).
Product3.c(6): Notify: Transaction "addtocart" started.
Product3.c(8): web_url("product.php_3") started  	[MsgId: MMSG-26355]
Product3.c(8): Resource "http://www.webloadmpstore.com/media/js/prototype.js" is in the cache already and will not be downloaded again  	[MsgId: MMSG-26655]
Product3.c(8): Resource "http://www.webloadmpstore.com/media/js/onlinecounter.js" is in the cache already and will not be downloaded again  	[MsgId: MMSG-26655]
Product3.c(8): Resource "http://www.webloadmpstore.com/media/images/logo.gif" is in the cache already and will not be downloaded again  	[MsgId: MMSG-26655]
Product3.c(8): Resource "http://www.webloadmpstore.com/media/images/key.gif" is in the cache already and will not be downloaded again  	[MsgId: MMSG-26655]
Product3.c(8): Resource "http://www.webloadmpstore.com/media/images/cart.gif" is in the cache already and will not be downloaded again  	[MsgId: MMSG-26655]
Product3.c(8): Resource "http://www.webloadmpstore.com/media/images/products/sm_1.jpg" is in the cache already and will not be downloaded again  	[MsgId: MMSG-26655]
Product3.c(8): Resource "http://www.webloadmpstore.com/media/images/button_addtocart.gif" is in the cache already and will not be downloaded again  	[MsgId: MMSG-26655]
Product3.c(8): web_url("product.php_3") was successful, 3311 body bytes, 358 header bytes  	[MsgId: MMSG-26386]
Product3.c(18): web_url("button_addtocart.gif_2") started  	[MsgId: MMSG-26355]
Product3.c(18): Resource "http://www.webloadmpstore.com/media/js/prototype.js" is in the cache already and will not be downloaded again  	[MsgId: MMSG-26655]
Product3.c(18): Resource "http://www.webloadmpstore.com/media/js/onlinecounter.js" is in the cache already and will not be downloaded again  	[MsgId: MMSG-26655]
Product3.c(18): Resource "http://www.webloadmpstore.com/media/images/logo.gif" is in the cache already and will not be downloaded again  	[MsgId: MMSG-26655]
Product3.c(18): Resource "http://www.webloadmpstore.com/media/images/key.gif" is in the cache already and will not be downloaded again  	[MsgId: MMSG-26655]
Product3.c(18): Resource "http://www.webloadmpstore.com/media/images/cart.gif" is in the cache already and will not be downloaded again  	[MsgId: MMSG-26655]
Product3.c(18): Resource "http://www.webloadmpstore.com/media/js/cart.js" is in the cache already and will not be downloaded again  	[MsgId: MMSG-26655]
Product3.c(18): Resource "http://www.webloadmpstore.com/media/images/accept.gif" is in the cache already and will not be downloaded again  	[MsgId: MMSG-26655]
Product3.c(18): Resource "http://www.webloadmpstore.com/media/images/delete.gif" is in the cache already and will not be downloaded again  	[MsgId: MMSG-26655]
Product3.c(18): web_url("button_addtocart.gif_2") was successful, 3325 body bytes, 358 header bytes  	[MsgId: MMSG-26386]
Product3.c(28): Notify: Transaction "addtocart" ended with a "Pass" status (Duration: 2.4896 Wasted Time: 0.2318).
Product3.c(32): Notify: Transaction "checkout" started.
Product3.c(34): web_url("Checkout>>_3") started  	[MsgId: MMSG-26355]
Product3.c(34): Detected non-resource "http://www.webloadmpstore.com/login.php" in "http://www.webloadmpstore.com/checkout.php"  	[MsgId: MMSG-26574]
Product3.c(34): Resource "http://www.webloadmpstore.com/media/js/prototype.js" is in the cache already and will not be downloaded again  	[MsgId: MMSG-26655]
Product3.c(34): Resource "http://www.webloadmpstore.com/media/js/onlinecounter.js" is in the cache already and will not be downloaded again  	[MsgId: MMSG-26655]
Product3.c(34): Resource "http://www.webloadmpstore.com/media/images/logo.gif" is in the cache already and will not be downloaded again  	[MsgId: MMSG-26655]
Product3.c(34): Resource "http://www.webloadmpstore.com/media/images/key.gif" is in the cache already and will not be downloaded again  	[MsgId: MMSG-26655]
Product3.c(34): Resource "http://www.webloadmpstore.com/media/images/cart.gif" is in the cache already and will not be downloaded again  	[MsgId: MMSG-26655]
Product3.c(34): Resource "http://www.webloadmpstore.com/media/js/cart.js" is in the cache already and will not be downloaded again  	[MsgId: MMSG-26655]
Product3.c(34): Resource "http://www.webloadmpstore.com/media/js/soapclient.js" is in the cache already and will not be downloaded again  	[MsgId: MMSG-26655]
Product3.c(34): Resource "http://www.webloadmpstore.com/media/js/checkout.js" is in the cache already and will not be downloaded again  	[MsgId: MMSG-26655]
Product3.c(34): web_url("Checkout>>_3") was successful, 6181 body bytes, 742 header bytes  	[MsgId: MMSG-26386]
Product3.c(46): web_url("server.php_5") started  	[MsgId: MMSG-26355]
Product3.c(46): web_url("server.php_5") was successful, 557 body bytes, 234 header bytes  	[MsgId: MMSG-26386]
Product3.c(56): web_add_header("SOAPAction") started  	[MsgId: MMSG-26355]
Product3.c(56): web_add_header("SOAPAction") was successful  	[MsgId: MMSG-26392]
Product3.c(59): web_custom_request("server.php_6") started  	[MsgId: MMSG-26355]
Product3.c(59): web_custom_request("server.php_6") was successful, 270 body bytes, 234 header bytes  	[MsgId: MMSG-26386]
Product3.c(72): Notify: Transaction "checkout" ended with a "Pass" status (Duration: 5.0326 Wasted Time: 0.5248).
Logout.c(6): Notify: Transaction "Logout" started.
Logout.c(8): web_url("login.php_2") started  	[MsgId: MMSG-26355]
Logout.c(8): Resource "http://www.webloadmpstore.com/media/js/prototype.js" is in the cache already and will not be downloaded again  	[MsgId: MMSG-26655]
Logout.c(8): Resource "http://www.webloadmpstore.com/media/js/onlinecounter.js" is in the cache already and will not be downloaded again  	[MsgId: MMSG-26655]
Logout.c(8): Resource "http://www.webloadmpstore.com/media/images/logo.gif" is in the cache already and will not be downloaded again  	[MsgId: MMSG-26655]
Logout.c(8): Resource "http://www.webloadmpstore.com/media/images/key.gif" is in the cache already and will not be downloaded again  	[MsgId: MMSG-26655]
Logout.c(8): Resource "http://www.webloadmpstore.com/media/images/cart.gif" is in the cache already and will not be downloaded again  	[MsgId: MMSG-26655]
Logout.c(8): web_url("login.php_2") was successful, 3224 body bytes, 358 header bytes  	[MsgId: MMSG-26386]
Logout.c(18): Notify: Transaction "Logout" ended with a "Pass" status (Duration: 1.4395 Wasted Time: 0.4793).
Ending action Execution.
Ending iteration 1.
Ending Vuser...
Starting action vuser_end.
Ending action vuser_end.
Vuser Terminated.
